11-28 13:19:00 [info] [NapCat] [Core] NapCat.Core Version: 4.2.4
11-28 13:19:00 [info] [NapCat] [WebUi] Current WebUi is running at http://0.0.0.0:6099
11-28 13:19:00 [info] [NapCat] [WebUi] Login Token is hku5vhz8gtw
11-28 13:19:00 [info] [NapCat] [WebUi] WebUi User Panel Url: http://127.0.0.1:6099/webui?token=hku5vhz8gtw
11-28 13:19:00 [info] [NapCat] [WebUi] WebUi Local Panel Url: http://127.0.0.1:6099/webui?token=hku5vhz8gtw
11-28 13:19:00 [info] 核心登录服务连接成功!
11-28 13:19:00 [info] 没有 -q 指令指定快速登录，将使用二维码登录方式
11-28 13:19:00 [info] 可用于快速登录的 QQ：
1. 3202731886 浊风
2. 310371967 Sock
3. 3784449842 周鸽宗plus
11-28 13:19:01 [warn] 请扫描下面的二维码，然后在手Q上授权登录：
11-28 13:19:01 [warn] 

▄▄▄▄▄▄▄▄▄▄▄▄▄▄▄▄▄▄▄▄▄▄▄▄▄▄▄▄▄▄▄▄▄▄▄
█ ▄▄▄▄▄ █▄▄███▀▄█▀▄▄▄ █▄ ▄█ ▄▄▄▄▄ █
█ █   █ █ ▀█ ▄ █▀ ▀█ ▀▀▀▄▄█ █   █ █
█ █▄▄▄█ █▄ ▄▄▀▀█▄█▀▀ ▄▄▀█▀█ █▄▄▄█ █
█▄▄▄▄▄▄▄█▄▀▄▀▄█ █ ▀▄▀▄█ ▀▄█▄▄▄▄▄▄▄█
█▄▄  ▀▀▄▀▄▀████▀▄██▄▄     ▄▀█▄▄ ▀ █
█▀█ ▄▄▄▄▄▀██▀▀▀▄▀██▀█ ▄▄▄▄█ ▀▄█▄ ▄█
█ █▀▄ █▄▀█▄▀ █▄█ ▀  ██ ▄▄ ▄█▄▄ ▀▀██
█▄▄▄▀█▄▄▀ ▄▀█ ▄██ ██▄ ▀ ▀█▀  ▄█ ███
█  ██▄▀▄▄▄ ▄▄▀  ▀▀█ █▀▄▄▀▀      ▄ █
█ ██ ▄ ▄▄▄▄ ▄ █▀▄▀  ▀▄▄▀▀▀  ██ █▄▀█
█ ▄ ▀ ▀▄▀▄▀ ▄ █▀█▀  █▀▀█  ▄▀▄█▀▄▀▀█
██▀█▀ ▄▄███▄▄▄▀ ██▄▀▀██▄ ▄▄▀▀▄▀▄ ▄█
█▄█▄▄█▄▄▄ ▄▄▀ ▄█▀▀▀▀▀█▄   ▄▄▄ ▄██▄█
█ ▄▄▄▄▄ ██   ██▄███▄▄▄▀▄  █▄█ ▀▀███
█ █   █ █▀▄▀██  ▀▄ ▄█ ▄█  ▄▄▄▄█  ▄█
█ █▄▄▄█ █   ▀ █▀ ▄▀██ █ ▄▀▄ ▄▀█▄▄▀█
█▄▄▄▄▄▄▄█▄███▄████▄▄██▄███▄███▄▄███

二维码解码URL: https://txz.qq.com/p?k=ni969I7IqEP7iaaOuFV8jnS1siULsslt&f=1600001604
如果控制台二维码无法扫码，可以复制解码url到二维码生成网站生成二维码再扫码，也可以打开下方的二维码路径图片进行扫码。
11-28 13:19:01 [warn] 二维码已保存到 D:\code\bot\NapCat.Shell\cache\qrcode.png
11-28 13:19:02 [info] [NapCat] [WebUi] WebUi Publish Panel Url: http://218.19.145.79:6099/webui?token=hku5vhz8gtw
11-28 13:21:03 [error] [Core] [Login] Login Error,ErrCode:  3  ErrMsg: 
11-28 13:21:03 [warn] 请扫描下面的二维码，然后在手Q上授权登录：
11-28 13:21:03 [warn] 

▄▄▄▄▄▄▄▄▄▄▄▄▄▄▄▄▄▄▄▄▄▄▄▄▄▄▄▄▄▄▄▄▄▄▄
█ ▄▄▄▄▄ █▄▄▄ ▀▄██  ▄▀▀ ▄▄██ ▄▄▄▄▄ █
█ █   █ ██▄▀ █ ▀▄▄▀█▄▄ █▀▀█ █   █ █
█ █▄▄▄█ ██▀▄ ▄████▀ ▄█▄█▀▀█ █▄▄▄█ █
█▄▄▄▄▄▄▄█ ▀▄█ ▀ █ █ ▀▄█▄█▄█▄▄▄▄▄▄▄█
█▄▄█  █▄█▀▄▀█▄██▀▀██ █ ▀▀██▄▀▀█▀▀▄█
█ █▄█▀█▄█▀▄██▄█▄ █ █▀ █▀▄█▀  ▄▀▀▄▄█
█ ▄   ▀▄    █▀▀▄   █▀▄▄▀▄█▀▄▄███▄▄█
█ ▀▄ ▀▄▄ ▀▄▄█▀▄▀ ▄█  ███▀▀▀▄█ █▀█▀█
███▀▄ ▄▄▄▄   ▄▄  ▀▄▀█ ▀▄ █▄ ▀ ▄█  █
█▄█▀██ ▄ ▄█▀▀▄  ▄▄▄ ▄▄█▄▄██▀█▄█▀▀ █
█▀▄▀▄  ▄▄▄█▄▄▀████▄▀▄▄█▄ ▀▄█▀▀▀█▀██
█ █▄█ ▀▄▀█ █ ▀█  █ ▀█ █▀▄▀ ▀ ▄█▀▄▄█
█▄▄▄▄██▄▄ ██▄▄▀▄ █▀▀▀▄▀▀█ ▄▄▄ ▀▀ ██
█ ▄▄▄▄▄ ██▄  ▄█ ▄██▄ ▀▄▄  █▄█ ▀ █▀█
█ █   █ █ ██▀ ▄ ▄▄█▀ ▀▀ ▄▄ ▄▄▄▀█▄▄█
█ █▄▄▄█ █▀ █▄▄  ▄█▄█ ██▀▀█▀▀▄   ▀ █
█▄▄▄▄▄▄▄█▄█▄█████▄▄█▄▄███▄▄█▄█▄████

二维码解码URL: https://txz.qq.com/p?k=SWtmCdJWz2youzLVFNdtghUXHdimiU6X&f=1600001604
如果控制台二维码无法扫码，可以复制解码url到二维码生成网站生成二维码再扫码，也可以打开下方的二维码路径图片进行扫码。
11-28 13:21:03 [warn] 二维码已保存到 D:\code\bot\NapCat.Shell\cache\qrcode.png
11-28 13:23:04 [error] [Core] [Login] Login Error,ErrCode:  10  ErrMsg: 
11-28 13:23:04 [warn] 请扫描下面的二维码，然后在手Q上授权登录：
11-28 13:23:04 [warn] 

▄▄▄▄▄▄▄▄▄▄▄▄▄▄▄▄▄▄▄▄▄▄▄▄▄▄▄▄▄▄▄▄▄▄▄
█ ▄▄▄▄▄ █▀ █▀▀▀ ▀▀▀ ▄ ▄▀█▀█ ▄▄▄▄▄ █
█ █   █ █▀ ▄ █▀█ ▀▀ █ ▄█  █ █   █ █
█ █▄▄▄█ █▀█ █▄█▄▀▀▄▄▄▄▀▀███ █▄▄▄█ █
█▄▄▄▄▄▄▄█▄█▄█ █▄▀ █▄█▄▀ █▄█▄▄▄▄▄▄▄█
█▄▄   ▀▄▄▄ ▄█▄▄▀█▄▀▀▄▀▀▄ ▄▄▀▄█▄▀ ▀█
█   ▀▀█▄▄  ▀ ▄██▄▀▄ █ ▀██ ▀▀▄ ▄▀▄██
█ ▄█▀██▄ █▄▀▄▀▄▀▄▀▄█▀  ▄ ▀▄▀ ▄▄█▀▀█
█▀█▄█▄ ▄▀▀▄▄█▀██▄▀█ █ ▀▄██  ▀██▀▄██
█▄▄ █ ▀▄▄▄█▄█▄▄▀▄█ ▀ ██▄ ▄▄▀█▄▀█ ▀█
███ █▄▄▄▄▄█▄ ▄██ ▀██▀█  ██ ▄▀█▄▀▄██
█ ▀   █▄ ▀█▀▄▀▄▀ ▀▄▀█    ▀█▀█▄▀█ ▀█
█ █   ▄▄▄ ▀▀█▀█▀ ▀▄ ▀ ▀▀▀▀  ▄  ▀▄██
█▄█▄█▄█▄█ █▀█▄▄▀▄▀██▀ █ ▄ ▄▄▄  ▀█ █
█ ▄▄▄▄▄ █▄▄▄ ▄▄▄▄▀▄▀█▄▀█  █▄█ ▀ ▄██
█ █   █ █ ▄█▄ ▄▀▄▄▄▀▀▀▄▄▀▄ ▄  ▄█▄██
█ █▄▄▄█ █  ██▄██ █▄██    █▄▄ ▀▀ ▄██
█▄▄▄▄▄▄▄█▄▄███▄███▄██▄▄▄█▄██▄▄▄█▄██

二维码解码URL: https://txz.qq.com/p?k=m8mJF-bFmSzMUawR-uHub-JpmbVgh6dD&f=1600001604
如果控制台二维码无法扫码，可以复制解码url到二维码生成网站生成二维码再扫码，也可以打开下方的二维码路径图片进行扫码。
11-28 13:23:04 [warn] 二维码已保存到 D:\code\bot\NapCat.Shell\cache\qrcode.png
11-28 13:23:24 [debug] 本账号数据/缓存目录： D:\123\OneDrive\文档\Tencent Files\NapCat\data
11-28 13:23:24 [info] [Core] [Config] 配置文件创建成功!

11-28 13:23:24 [debug] [Core] [Config] 配置文件D:\code\bot\NapCat.Shell\config\napcat_310371967.json加载 {"fileLog":false,"consoleLog":true,"fileLogLevel":"debug","consoleLogLevel":"info","packetBackend":"auto","packetServer":""}
11-28 13:23:24 [warn] [Core] [Packet] wsPacketClient 未配置服务器地址
11-28 13:23:24 [info] [Core] [Packet] 自动选择 NativePacketClient 作为后端
